<?xml version="1.0" encoding="UTF-8"?>
<testng-results ignored="0" total="1" passed="1" failed="0" skipped="0">
  <reporter-output>
  </reporter-output>
  <suite started-at="2023-08-18T14:24:28 IST" name="Default suite" finished-at="2023-08-18T14:24:28 IST" duration-ms="64">
    <groups>
    </groups>
    <test started-at="2023-08-18T14:24:28 IST" name="Default test" finished-at="2023-08-18T14:24:28 IST" duration-ms="64">
      <class name="Practice.LoginTest">
        <test-method signature="userloginTest()[pri:0, instance:Practice.LoginTest@2bfc268b]" started-at="2023-08-18T14:24:28 IST" name="userloginTest" finished-at="2023-08-18T14:24:28 IST" duration-ms="9" status="PASS">
          <reporter-output>
          </reporter-output>
        </test-method> <!-- userloginTest -->
      </class> <!-- Practice.LoginTest -->
    </test> <!-- Default test -->
  </suite> <!-- Default suite -->
</testng-results>
